# JRE version: OpenJDK Runtime Environment (8.0_152-b01) (build 1.8.0_152-release-1343-b01)
# Java VM: OpenJDK 64-Bit Server VM (25.152-b01 mixed mode windows-amd64 compressed oops)
Heap:
 PSYoungGen      total 421888K, used 339609K [0x00000000e0000000, 0x00000000fd000000, 0x0000000100000000)
  eden space 366080K, 86% used [0x00000000e0000000,0x00000000f36ac098,0x00000000f6580000)
  from space 55808K, 38% used [0x00000000f9980000,0x00000000fae7a620,0x00000000fd000000)
  to   space 53248K, 0% used [0x00000000f6580000,0x00000000f6580000,0x00000000f9980000)
 ParOldGen       total 185856K, used 65883K [0x00000000a0000000, 0x00000000ab580000, 0x00000000e0000000)
  object space 185856K, 35% used [0x00000000a0000000,0x00000000a4056df8,0x00000000ab580000)
 Metaspace       used 91471K, capacity 95440K, committed 95784K, reserved 1132544K
  class space    used 11489K, capacity 12202K, committed 12328K, reserved 1048576K
GC Heap History (10 events):
Event: 523.463 GC heap before
{Heap before GC invocations=28 (full 4):
 PSYoungGen      total 314368K, used 269312K [0x00000000e0000000, 0x00000000fb400000, 0x0000000100000000)
  eden space 269312K, 100% used [0x00000000e0000000,0x00000000f0700000,0x00000000f0700000)
  from space 45056K, 0% used [0x00000000f0700000,0x00000000f0700000,0x00000000f3300000)
  to   space 67072K, 0% used [0x00000000f7280000,0x00000000f7280000,0x00000000fb400000)
 ParOldGen       total 185856K, used 65851K [0x00000000a0000000, 0x00000000ab580000, 0x00000000e0000000)
  object space 185856K, 35% used [0x00000000a0000000,0x00000000a404edf8,0x00000000ab580000)
 Metaspace       used 87685K, capacity 90926K, committed 91304K, reserved 1128448K
  class space    used 11140K, capacity 11781K, committed 11944K, reserved 1048576K
Event: 523.614 GC heap after
Heap after GC invocations=28 (full 4):
 PSYoungGen      total 373248K, used 18671K [0x00000000e0000000, 0x00000000fae00000, 0x0000000100000000)
  eden space 312320K, 0% used [0x00000000e0000000,0x00000000e0000000,0x00000000f3100000)
  from space 60928K, 30% used [0x00000000f7280000,0x00000000f84bbe40,0x00000000fae00000)
  to   space 64000K, 0% used [0x00000000f3100000,0x00000000f3100000,0x00000000f6f80000)
 ParOldGen       total 185856K, used 65859K [0x00000000a0000000, 0x00000000ab580000, 0x00000000e0000000)
  object space 185856K, 35% used [0x00000000a0000000,0x00000000a4050df8,0x00000000ab580000)
 Metaspace       used 87685K, capacity 90926K, committed 91304K, reserved 1128448K
  class space    used 11140K, capacity 11781K, committed 11944K, reserved 1048576K
}
Event: 636.456 GC heap before
{Heap before GC invocations=29 (full 4):
 PSYoungGen      total 373248K, used 330991K [0x00000000e0000000, 0x00000000fae00000, 0x0000000100000000)
  eden space 312320K, 100% used [0x00000000e0000000,0x00000000f3100000,0x00000000f3100000)
  from space 60928K, 30% used [0x00000000f7280000,0x00000000f84bbe40,0x00000000fae00000)
  to   space 64000K, 0% used [0x00000000f3100000,0x00000000f3100000,0x00000000f6f80000)
 ParOldGen       total 185856K, used 65859K [0x00000000a0000000, 0x00000000ab580000, 0x00000000e0000000)
  object space 185856K, 35% used [0x00000000a0000000,0x00000000a4050df8,0x00000000ab580000)
 Metaspace       used 87920K, capacity 91296K, committed 91560K, reserved 1128448K
  class space    used 11160K, capacity 11818K, committed 11944K, reserved 1048576K
Event: 636.500 GC heap after
Heap after GC invocations=29 (full 4):
 PSYoungGen      total 376320K, used 14136K [0x00000000e0000000, 0x00000000fc880000, 0x0000000100000000)
  eden space 312320K, 0% used [0x00000000e0000000,0x00000000e0000000,0x00000000f3100000)
  from space 64000K, 22% used [0x00000000f3100000,0x00000000f3ece3d8,0x00000000f6f80000)
  to   space 61952K, 0% used [0x00000000f8c00000,0x00000000f8c00000,0x00000000fc880000)
 ParOldGen       total 185856K, used 65867K [0x00000000a0000000, 0x00000000ab580000, 0x00000000e0000000)
  object space 185856K, 35% used [0x00000000a0000000,0x00000000a4052df8,0x00000000ab580000)
 Metaspace       used 87920K, capacity 91296K, committed 91560K, reserved 1128448K
  class space    used 11160K, capacity 11818K, committed 11944K, reserved 1048576K
}
Event: 670.348 GC heap before
{Heap before GC invocations=30 (full 4):
 PSYoungGen      total 376320K, used 326456K [0x00000000e0000000, 0x00000000fc880000, 0x0000000100000000)
  eden space 312320K, 100% used [0x00000000e0000000,0x00000000f3100000,0x00000000f3100000)
  from space 64000K, 22% used [0x00000000f3100000,0x00000000f3ece3d8,0x00000000f6f80000)
  to   space 61952K, 0% used [0x00000000f8c00000,0x00000000f8c00000,0x00000000fc880000)
 ParOldGen       total 185856K, used 65867K [0x00000000a0000000, 0x00000000ab580000, 0x00000000e0000000)
  object space 185856K, 35% used [0x00000000a0000000,0x00000000a4052df8,0x00000000ab580000)
 Metaspace       used 88116K, capacity 91548K, committed 91816K, reserved 1128448K
  class space    used 11172K, capacity 11838K, committed 11944K, reserved 1048576K
Event: 670.370 GC heap after
Heap after GC invocations=30 (full 4):
 PSYoungGen      total 389120K, used 18248K [0x00000000e0000000, 0x00000000fbd80000, 0x0000000100000000)
  eden space 338432K, 0% used [0x00000000e0000000,0x00000000e0000000,0x00000000f4a80000)
  from space 50688K, 36% used [0x00000000f8c00000,0x00000000f9dd23e8,0x00000000fbd80000)
  to   space 58880K, 0% used [0x00000000f4a80000,0x00000000f4a80000,0x00000000f8400000)
 ParOldGen       total 185856K, used 65867K [0x00000000a0000000, 0x00000000ab580000, 0x00000000e0000000)
  object space 185856K, 35% used [0x00000000a0000000,0x00000000a4052df8,0x00000000ab580000)
 Metaspace       used 88116K, capacity 91548K, committed 91816K, reserved 1128448K
  class space    used 11172K, capacity 11838K, committed 11944K, reserved 1048576K
}
Event: 771.440 GC heap before
{Heap before GC invocations=31 (full 4):
 PSYoungGen      total 389120K, used 356680K [0x00000000e0000000, 0x00000000fbd80000, 0x0000000100000000)
  eden space 338432K, 100% used [0x00000000e0000000,0x00000000f4a80000,0x00000000f4a80000)
  from space 50688K, 36% used [0x00000000f8c00000,0x00000000f9dd23e8,0x00000000fbd80000)
  to   space 58880K, 0% used [0x00000000f4a80000,0x00000000f4a80000,0x00000000f8400000)
 ParOldGen       total 185856K, used 65867K [0x00000000a0000000, 0x00000000ab580000, 0x00000000e0000000)
  object space 185856K, 35% used [0x00000000a0000000,0x00000000a4052df8,0x00000000ab580000)
 Metaspace       used 88406K, capacity 92008K, committed 92072K, reserved 1130496K
  class space    used 11197K, capacity 11882K, committed 11944K, reserved 1048576K
Event: 771.625 GC heap after
Heap after GC invocations=31 (full 4):
 PSYoungGen      total 397312K, used 14360K [0x00000000e0000000, 0x00000000fd100000, 0x0000000100000000)
  eden space 338432K, 0% used [0x00000000e0000000,0x00000000e0000000,0x00000000f4a80000)
  from space 58880K, 24% used [0x00000000f4a80000,0x00000000f58862b0,0x00000000f8400000)
  to   space 56832K, 0% used [0x00000000f9980000,0x00000000f9980000,0x00000000fd100000)
 ParOldGen       total 185856K, used 65875K [0x00000000a0000000, 0x00000000ab580000, 0x00000000e0000000)
  object space 185856K, 35% used [0x00000000a0000000,0x00000000a4054df8,0x00000000ab580000)
 Metaspace       used 88406K, capacity 92008K, committed 92072K, reserved 1130496K
  class space    used 11197K, capacity 11882K, committed 11944K, reserved 1048576K
}
Event: 779.468 GC heap before
{Heap before GC invocations=32 (full 4):
 PSYoungGen      total 397312K, used 352792K [0x00000000e0000000, 0x00000000fd100000, 0x0000000100000000)
  eden space 338432K, 100% used [0x00000000e0000000,0x00000000f4a80000,0x00000000f4a80000)
  from space 58880K, 24% used [0x00000000f4a80000,0x00000000f58862b0,0x00000000f8400000)
  to   space 56832K, 0% used [0x00000000f9980000,0x00000000f9980000,0x00000000fd100000)
 ParOldGen       total 185856K, used 65875K [0x00000000a0000000, 0x00000000ab580000, 0x00000000e0000000)
  object space 185856K, 35% used [0x00000000a0000000,0x00000000a4054df8,0x00000000ab580000)
 Metaspace       used 90993K, capacity 94924K, committed 95144K, reserved 1132544K
  class space    used 11482K, capacity 12192K, committed 12200K, reserved 1048576K
Event: 779.600 GC heap after
Heap after GC invocations=32 (full 4):
 PSYoungGen      total 421888K, used 21481K [0x00000000e0000000, 0x00000000fd000000, 0x0000000100000000)
  eden space 366080K, 0% used [0x00000000e0000000,0x00000000e0000000,0x00000000f6580000)
  from space 55808K, 38% used [0x00000000f9980000,0x00000000fae7a620,0x00000000fd000000)
  to   space 53248K, 0% used [0x00000000f6580000,0x00000000f6580000,0x00000000f9980000)
 ParOldGen       total 185856K, used 65883K [0x00000000a0000000, 0x00000000ab580000, 0x00000000e0000000)
  object space 185856K, 35% used [0x00000000a0000000,0x00000000a4056df8,0x00000000ab580000)
 Metaspace       used 90993K, capacity 94924K, committed 95144K, reserved 1132544K
  class space    used 11482K, capacity 12192K, committed 12200K, reserved 1048576K
}

