# JRE version: OpenJDK Runtime Environment (8.0_152-b01) (build 1.8.0_152-release-1343-b01)
# Java VM: OpenJDK 64-Bit Server VM (25.152-b01 mixed mode windows-amd64 compressed oops)
Heap:
 PSYoungGen      total 295424K, used 200589K [0x00000000e0000000, 0x00000000f4e00000, 0x0000000100000000)
  eden space 264192K, 64% used [0x00000000e0000000,0x00000000ea564a10,0x00000000f0200000)
  from space 31232K, 99% used [0x00000000f2f80000,0x00000000f4dfea98,0x00000000f4e00000)
  to   space 38912K, 0% used [0x00000000f0200000,0x00000000f0200000,0x00000000f2800000)
 ParOldGen       total 94720K, used 53639K [0x00000000a0000000, 0x00000000a5c80000, 0x00000000e0000000)
  object space 94720K, 56% used [0x00000000a0000000,0x00000000a3461f80,0x00000000a5c80000)
 Metaspace       used 79221K, capacity 81952K, committed 82216K, reserved 1120256K
  class space    used 10205K, capacity 10730K, committed 10792K, reserved 1048576K
GC Heap History (10 events):
Event: 23.723 GC heap before
{Heap before GC invocations=21 (full 5):
 PSYoungGen      total 249856K, used 246664K [0x00000000e0000000, 0x00000000f5380000, 0x0000000100000000)
  eden space 232448K, 100% used [0x00000000e0000000,0x00000000ee300000,0x00000000ee300000)
  from space 17408K, 81% used [0x00000000f0d00000,0x00000000f1ae2090,0x00000000f1e00000)
  to   space 43008K, 0% used [0x00000000ee300000,0x00000000ee300000,0x00000000f0d00000)
 ParOldGen       total 94720K, used 92432K [0x00000000a0000000, 0x00000000a5c80000, 0x00000000e0000000)
  object space 94720K, 97% used [0x00000000a0000000,0x00000000a5a44188,0x00000000a5c80000)
 Metaspace       used 68972K, capacity 71344K, committed 71464K, reserved 1112064K
  class space    used 9221K, capacity 9736K, committed 9768K, reserved 1048576K
Event: 23.835 GC heap after
Heap after GC invocations=21 (full 5):
 PSYoungGen      total 249856K, used 0K [0x00000000e0000000, 0x00000000f5380000, 0x0000000100000000)
  eden space 232448K, 0% used [0x00000000e0000000,0x00000000e0000000,0x00000000ee300000)
  from space 17408K, 0% used [0x00000000f0d00000,0x00000000f0d00000,0x00000000f1e00000)
  to   space 43008K, 0% used [0x00000000ee300000,0x00000000ee300000,0x00000000f0d00000)
 ParOldGen       total 94720K, used 47593K [0x00000000a0000000, 0x00000000a5c80000, 0x00000000e0000000)
  object space 94720K, 50% used [0x00000000a0000000,0x00000000a2e7a448,0x00000000a5c80000)
 Metaspace       used 68972K, capacity 71344K, committed 71464K, reserved 1112064K
  class space    used 9221K, capacity 9736K, committed 9768K, reserved 1048576K
}
Event: 258.691 GC heap before
{Heap before GC invocations=22 (full 5):
 PSYoungGen      total 249856K, used 232442K [0x00000000e0000000, 0x00000000f5380000, 0x0000000100000000)
  eden space 232448K, 99% used [0x00000000e0000000,0x00000000ee2fe978,0x00000000ee300000)
  from space 17408K, 0% used [0x00000000f0d00000,0x00000000f0d00000,0x00000000f1e00000)
  to   space 43008K, 0% used [0x00000000ee300000,0x00000000ee300000,0x00000000f0d00000)
 ParOldGen       total 94720K, used 47593K [0x00000000a0000000, 0x00000000a5c80000, 0x00000000e0000000)
  object space 94720K, 50% used [0x00000000a0000000,0x00000000a2e7a448,0x00000000a5c80000)
 Metaspace       used 73982K, capacity 76614K, committed 76840K, reserved 1116160K
  class space    used 9750K, capacity 10251K, committed 10280K, reserved 1048576K
Event: 258.711 GC heap after
Heap after GC invocations=22 (full 5):
 PSYoungGen      total 275456K, used 12686K [0x00000000e0000000, 0x00000000f5700000, 0x0000000100000000)
  eden space 232448K, 0% used [0x00000000e0000000,0x00000000e0000000,0x00000000ee300000)
  from space 43008K, 29% used [0x00000000ee300000,0x00000000eef63970,0x00000000f0d00000)
  to   space 40448K, 0% used [0x00000000f2f80000,0x00000000f2f80000,0x00000000f5700000)
 ParOldGen       total 94720K, used 47601K [0x00000000a0000000, 0x00000000a5c80000, 0x00000000e0000000)
  object space 94720K, 50% used [0x00000000a0000000,0x00000000a2e7c448,0x00000000a5c80000)
 Metaspace       used 73982K, capacity 76614K, committed 76840K, reserved 1116160K
  class space    used 9750K, capacity 10251K, committed 10280K, reserved 1048576K
}
Event: 291.616 GC heap before
{Heap before GC invocations=23 (full 5):
 PSYoungGen      total 275456K, used 245134K [0x00000000e0000000, 0x00000000f5700000, 0x0000000100000000)
  eden space 232448K, 100% used [0x00000000e0000000,0x00000000ee300000,0x00000000ee300000)
  from space 43008K, 29% used [0x00000000ee300000,0x00000000eef63970,0x00000000f0d00000)
  to   space 40448K, 0% used [0x00000000f2f80000,0x00000000f2f80000,0x00000000f5700000)
 ParOldGen       total 94720K, used 47601K [0x00000000a0000000, 0x00000000a5c80000, 0x00000000e0000000)
  object space 94720K, 50% used [0x00000000a0000000,0x00000000a2e7c448,0x00000000a5c80000)
 Metaspace       used 76083K, capacity 78776K, committed 78888K, reserved 1118208K
  class space    used 9944K, capacity 10496K, committed 10536K, reserved 1048576K
Event: 291.631 GC heap after
Heap after GC invocations=23 (full 5):
 PSYoungGen      total 295424K, used 8848K [0x00000000e0000000, 0x00000000f4e00000, 0x0000000100000000)
  eden space 264192K, 0% used [0x00000000e0000000,0x00000000e0000000,0x00000000f0200000)
  from space 31232K, 28% used [0x00000000f2f80000,0x00000000f38241a0,0x00000000f4e00000)
  to   space 38912K, 0% used [0x00000000f0200000,0x00000000f0200000,0x00000000f2800000)
 ParOldGen       total 94720K, used 47609K [0x00000000a0000000, 0x00000000a5c80000, 0x00000000e0000000)
  object space 94720K, 50% used [0x00000000a0000000,0x00000000a2e7e448,0x00000000a5c80000)
 Metaspace       used 76083K, capacity 78776K, committed 78888K, reserved 1118208K
  class space    used 9944K, capacity 10496K, committed 10536K, reserved 1048576K
}
Event: 296.118 GC heap before
{Heap before GC invocations=24 (full 5):
 PSYoungGen      total 295424K, used 273031K [0x00000000e0000000, 0x00000000f4e00000, 0x0000000100000000)
  eden space 264192K, 99% used [0x00000000e0000000,0x00000000f01fde08,0x00000000f0200000)
  from space 31232K, 28% used [0x00000000f2f80000,0x00000000f38241a0,0x00000000f4e00000)
  to   space 38912K, 0% used [0x00000000f0200000,0x00000000f0200000,0x00000000f2800000)
 ParOldGen       total 94720K, used 47609K [0x00000000a0000000, 0x00000000a5c80000, 0x00000000e0000000)
  object space 94720K, 50% used [0x00000000a0000000,0x00000000a2e7e448,0x00000000a5c80000)
 Metaspace       used 78916K, capacity 81696K, committed 81960K, reserved 1120256K
  class space    used 10201K, capacity 10730K, committed 10792K, reserved 1048576K
Event: 296.158 GC heap after
Heap after GC invocations=24 (full 5):
 PSYoungGen      total 303104K, used 31677K [0x00000000e0000000, 0x00000000f4e00000, 0x0000000100000000)
  eden space 264192K, 0% used [0x00000000e0000000,0x00000000e0000000,0x00000000f0200000)
  from space 38912K, 81% used [0x00000000f0200000,0x00000000f20ef4b8,0x00000000f2800000)
  to   space 31232K, 0% used [0x00000000f2f80000,0x00000000f2f80000,0x00000000f4e00000)
 ParOldGen       total 94720K, used 47617K [0x00000000a0000000, 0x00000000a5c80000, 0x00000000e0000000)
  object space 94720K, 50% used [0x00000000a0000000,0x00000000a2e80448,0x00000000a5c80000)
 Metaspace       used 78916K, capacity 81696K, committed 81960K, reserved 1120256K
  class space    used 10201K, capacity 10730K, committed 10792K, reserved 1048576K
}
Event: 297.648 GC heap before
{Heap before GC invocations=25 (full 5):
 PSYoungGen      total 303104K, used 295855K [0x00000000e0000000, 0x00000000f4e00000, 0x0000000100000000)
  eden space 264192K, 99% used [0x00000000e0000000,0x00000000f01fcae0,0x00000000f0200000)
  from space 38912K, 81% used [0x00000000f0200000,0x00000000f20ef4b8,0x00000000f2800000)
  to   space 31232K, 0% used [0x00000000f2f80000,0x00000000f2f80000,0x00000000f4e00000)
 ParOldGen       total 94720K, used 47641K [0x00000000a0000000, 0x00000000a5c80000, 0x00000000e0000000)
  object space 94720K, 50% used [0x00000000a0000000,0x00000000a2e86448,0x00000000a5c80000)
 Metaspace       used 79124K, capacity 81824K, committed 81960K, reserved 1120256K
  class space    used 10202K, capacity 10730K, committed 10792K, reserved 1048576K
Event: 297.680 GC heap after
Heap after GC invocations=25 (full 5):
 PSYoungGen      total 295424K, used 31226K [0x00000000e0000000, 0x00000000f4e00000, 0x0000000100000000)
  eden space 264192K, 0% used [0x00000000e0000000,0x00000000e0000000,0x00000000f0200000)
  from space 31232K, 99% used [0x00000000f2f80000,0x00000000f4dfea98,0x00000000f4e00000)
  to   space 38912K, 0% used [0x00000000f0200000,0x00000000f0200000,0x00000000f2800000)
 ParOldGen       total 94720K, used 53639K [0x00000000a0000000, 0x00000000a5c80000, 0x00000000e0000000)
  object space 94720K, 56% used [0x00000000a0000000,0x00000000a3461f80,0x00000000a5c80000)
 Metaspace       used 79124K, capacity 81824K, committed 81960K, reserved 1120256K
  class space    used 10202K, capacity 10730K, committed 10792K, reserved 1048576K
}

